#
# A fatal error has been detected by the Java Runtime Environment:
#
#  EXCEPTION_ACCESS_VIOLATION (0xc0000005) at pc=0x00007ffd7c23f5c3, pid=27436, tid=27492
#
# JRE version: Java(TM) SE Runtime Environment (17.0.5+9) (build 17.0.5+9-LTS-191)
# Java VM: Java HotSpot(TM) 64-Bit Server VM (17.0.5+9-LTS-191, mixed mode, sharing, tiered, compressed oops, compressed class ptrs, g1 gc, windows-amd64)
# Problematic frame:
# C  [nvoglv64.dll+0x129f5c3]
#
# No core dump will be written. Minidumps are not enabled by default on client versions of Windows
#
# If you would like to submit a bug report, please visit:
#   https://bugreport.java.com/bugreport/crash.jsp
# The crash happened outside the Java Virtual Machine in native code.
# See problematic frame for where to report the bug.
#

---------------  S U M M A R Y ------------

Command Line: -javaagent:E:\IntelliJ IDEA Community Edition 2024.2.3\lib\idea_rt.jar=61712:E:\IntelliJ IDEA Community Edition 2024.2.3\bin -Dfile.encoding=UTF-8 org.application.Main

Host: Intel(R) Core(TM) i9-9900K CPU @ 3.60GHz, 16 cores, 31G,  Windows 10 , 64 bit Build 19041 (10.0.19041.4842)
Time: Thu Oct 10 01:25:59 2024 Central European Daylight Time elapsed time: 0.477325 seconds (0d 0h 0m 0s)

---------------  T H R E A D  ---------------

Current thread (0x000001951704acb0):  JavaThread "main" [_thread_in_native, id=27492, stack(0x0000008210200000,0x0000008210300000)]

Stack: [0x0000008210200000,0x0000008210300000],  sp=0x00000082102fef60,  free space=1019k
Native frames: (J=compiled Java code, j=interpreted, Vv=VM code, C=native code)
C  [nvoglv64.dll+0x129f5c3]

Java frames: (J=compiled Java code, j=interpreted, Vv=VM code)
j  org.lwjgl.opengl.GL11C.nglDrawElements(IIIJ)V+0
j  org.lwjgl.opengl.GL11C.glDrawElements(IIIJ)V+4
j  org.graphics.CanvasRenderer.draw()V+43
j  org.application.Application.run()V+27
j  org.application.Main.main([Ljava/lang/String;)V+21
v  ~StubRoutines::call_stub

siginfo: EXCEPTION_ACCESS_VIOLATION (0xc0000005), reading address 0x0000000000000014


Register to memory mapping:

RIP=0x00007ffd7c23f5c3 nvoglv64.dll
RAX=0x0000000e6bdfe33b is an unknown value
RBX=0x0000000000000001 is an unknown value
RCX=0x00003855628f9e78 is an unknown value
RDX=0x0000000e6bdfe33b is an unknown value
RSP=0x00000082102fef60 is pointing into the stack for thread: 0x000001951704acb0
RBP=0x0000000000000006 is an unknown value
RSI=0x0000000000000006 is an unknown value
RDI=0x0 is NULL
R8 =0x0000000000000040 is an unknown value
R9 =0x0 is NULL
R10=0x00000000546c6148 is an unknown value
R11=0xfffffffff38e23a4 is an unknown value
R12=0x0000000000000004 is an unknown value
R13=0x0000019546d4a080 points into unknown readable memory: 0x0000000000000000 | 00 00 00 00 00 00 00 00
R14=0x0 is NULL
R15=0x0000000000001405 is an unknown value


Registers:
RAX=0x0000000e6bdfe33b, RBX=0x0000000000000001, RCX=0x00003855628f9e78, RDX=0x0000000e6bdfe33b
RSP=0x00000082102fef60, RBP=0x0000000000000006, RSI=0x0000000000000006, RDI=0x0000000000000000
R8 =0x0000000000000040, R9 =0x0000000000000000, R10=0x00000000546c6148, R11=0xfffffffff38e23a4
R12=0x0000000000000004, R13=0x0000019546d4a080, R14=0x0000000000000000, R15=0x0000000000001405
RIP=0x00007ffd7c23f5c3, EFLAGS=0x0000000000010246

Top of Stack: (sp=0x00000082102fef60)
0x00000082102fef60:   0000000000000001 000001951704ac00
0x00000082102fef70:   0000000000000000 00000000000000b8
0x00000082102fef80:   0000000000000000 0000000000000000
0x00000082102fef90:   0000000000000000 0000000000000000
0x00000082102fefa0:   0000000000000000 0000000000000000
0x00000082102fefb0:   0000019546d4f630 00000195452e85c0
0x00000082102fefc0:   000001950000000e 000000000017555d
0x00000082102fefd0:   0000019544de8b38 0000000000000000
0x00000082102fefe0:   00000082102ff188 0000000000001405
0x00000082102feff0:   0000000000000004 0000019546d4a080
0x00000082102ff000:   0000000000000006 00000082102ff148
0x00000082102ff010:   0000000000000000 00007ffd7bea0106
0x00000082102ff020:   00000195452cf5f8 0000019500000004
0x00000082102ff030:   0000008200000000 00007ffd00000000
0x00000082102ff040:   0000000000000018 0000019500001405
0x00000082102ff050:   0000000000000000 0000019500000000 

Instructions: (pc=0x00007ffd7c23f5c3)
0x00007ffd7c23f4c3:   d5 83 e1 03 48 89 44 24 50 d3 e2 45 8b 9a 10 06
0x00007ffd7c23f4d3:   00 00 45 0b 9a 0c 06 00 00 41 8b 82 18 06 00 00
0x00007ffd7c23f4e3:   41 8b 8a 14 06 00 00 f7 d0 44 23 d8 89 94 24 e0
0x00007ffd7c23f4f3:   00 00 00 41 8b 82 08 06 00 00 41 0b cb f7 d1 23
0x00007ffd7c23f503:   c8 c1 e8 14 a8 01 0f 85 81 08 00 00 41 80 bd a4
0x00007ffd7c23f513:   08 8e 00 00 0f 85 73 08 00 00 41 3b f9 0f 82 6a
0x00007ffd7c23f523:   08 00 00 85 ed 0f 8e 62 08 00 00 41 83 f8 0e 0f
0x00007ffd7c23f533:   87 58 08 00 00 41 3b 95 e8 0a 8e 00 0f 8f 4b 08
0x00007ffd7c23f543:   00 00 41 83 ba 00 06 00 00 00 0f 85 3d 08 00 00
0x00007ffd7c23f553:   41 80 ba 29 06 00 00 00 0f 85 2f 08 00 00 41 80
0x00007ffd7c23f563:   ba 28 06 00 00 00 0f 85 21 08 00 00 41 80 bd 2d
0x00007ffd7c23f573:   e5 8c 00 00 0f 85 13 08 00 00 41 80 bd 34 e5 8c
0x00007ffd7c23f583:   00 00 0f 85 05 08 00 00 f7 c1 00 00 03 00 0f 85
0x00007ffd7c23f593:   f9 07 00 00 44 0b d9 45 85 9a 48 08 00 00 0f 85
0x00007ffd7c23f5a3:   e9 07 00 00 bb 01 00 00 00 49 8d 8d 40 0c 8e 00
0x00007ffd7c23f5b3:   8b d3 e8 86 a1 e7 ff 41 81 ff 05 14 00 00 75 18
0x00007ffd7c23f5c3:   41 8b 44 ae fc 4c 8d 65 ff 41 8b 0e 8b f8 3b c8
0x00007ffd7c23f5d3:   0f 47 f9 0f 42 c1 eb 5d 41 81 ff 03 14 00 00 75
0x00007ffd7c23f5e3:   24 41 0f b7 4c 6e fe 4c 8d 65 ff 41 0f b7 16 0f
0x00007ffd7c23f5f3:   b7 c1 66 3b d1 66 0f 47 c2 66 0f 42 ca 0f b7 f8
0x00007ffd7c23f603:   0f b7 c1 eb 30 41 81 ff 01 14 00 00 0f 85 7b 07
0x00007ffd7c23f613:   00 00 42 0f b6 54 35 ff 4c 8d 65 ff 45 0f b6 06
0x00007ffd7c23f623:   8b ca 44 3a c2 41 0f 47 c8 0f b6 f9 8b ca 41 0f
0x00007ffd7c23f633:   42 c8 0f b6 c1 48 8b 4c 24 50 8d 75 ff 2b f8 e8
0x00007ffd7c23f643:   49 0b 00 00 48 8b 44 24 50 44 8b 50 20 41 8b c2
0x00007ffd7c23f653:   0f af c7 44 89 94 24 c0 00 00 00 41 3b 85 ec 0a
0x00007ffd7c23f663:   8e 00 0f 8f 1e 07 00 00 0f 29 74 24 60 41 81 ff
0x00007ffd7c23f673:   05 14 00 00 0f 85 f8 00 00 00 45 8b 3e 41 8b ff
0x00007ffd7c23f683:   49 8d 56 04 3b eb 0f 8e 72 03 00 00 83 fe 08 0f
0x00007ffd7c23f693:   82 b3 00 00 00 83 3d 41 54 cb 02 02 0f 8c a6 00
0x00007ffd7c23f6a3:   00 00 81 e6 07 00 00 80 7d 07 ff ce 83 ce f8 ff
0x00007ffd7c23f6b3:   c6 66 41 0f 6e cf 8b c5 66 0f 70 c9 00 2b c6 66 


Stack slot to memory mapping:
stack at sp + 0 slots: 0x0000000000000001 is an unknown value
stack at sp + 1 slots: 0x000001951704ac00 points into unknown readable memory: 0x00007ffd72b90bd8 | d8 0b b9 72 fd 7f 00 00
stack at sp + 2 slots: 0x0 is NULL
stack at sp + 3 slots: 0x00000000000000b8 is an unknown value
stack at sp + 4 slots: 0x0 is NULL
stack at sp + 5 slots: 0x0 is NULL
stack at sp + 6 slots: 0x0 is NULL
stack at sp + 7 slots: 0x0 is NULL


---------------  P R O C E S S  ---------------

Threads class SMR info:
_java_thread_list=0x0000019544371f40, length=15, elements={
0x000001951704acb0, 0x00000195437ea6a0, 0x00000195437eb420, 0x00000195437ffba0,
0x0000019543802570, 0x0000019543802e30, 0x00000195438036f0, 0x00000195438049a0,
0x0000019543808e60, 0x00000195442327b0, 0x0000019544327f70, 0x000001954432f8e0,
0x00000195443324c0, 0x00000195445734d0, 0x00000195445739a0
}

Java Threads: ( => current thread )
=>0x000001951704acb0 JavaThread "main" [_thread_in_native, id=27492, stack(0x0000008210200000,0x0000008210300000)]
  0x00000195437ea6a0 JavaThread "Reference Handler" daemon [_thread_blocked, id=27188, stack(0x0000008210900000,0x0000008210a00000)]
  0x00000195437eb420 JavaThread "Finalizer" daemon [_thread_blocked, id=13428, stack(0x0000008210a00000,0x0000008210b00000)]
  0x00000195437ffba0 JavaThread "Signal Dispatcher" daemon [_thread_blocked, id=18980, stack(0x0000008210b00000,0x0000008210c00000)]
  0x0000019543802570 JavaThread "Attach Listener" daemon [_thread_blocked, id=24060, stack(0x0000008210c00000,0x0000008210d00000)]
  0x0000019543802e30 JavaThread "Service Thread" daemon [_thread_blocked, id=27504, stack(0x0000008210d00000,0x0000008210e00000)]
  0x00000195438036f0 JavaThread "Monitor Deflation Thread" daemon [_thread_blocked, id=26720, stack(0x0000008210e00000,0x0000008210f00000)]
  0x00000195438049a0 JavaThread "C2 CompilerThread0" daemon [_thread_blocked, id=26332, stack(0x0000008210f00000,0x0000008211000000)]
  0x0000019543808e60 JavaThread "C1 CompilerThread0" daemon [_thread_blocked, id=15776, stack(0x0000008211000000,0x0000008211100000)]
  0x00000195442327b0 JavaThread "Sweeper thread" daemon [_thread_blocked, id=26968, stack(0x0000008211100000,0x0000008211200000)]
  0x0000019544327f70 JavaThread "Common-Cleaner" daemon [_thread_blocked, id=25912, stack(0x0000008211200000,0x0000008211300000)]
  0x000001954432f8e0 JavaThread "C1 CompilerThread1" daemon [_thread_blocked, id=19492, stack(0x0000008211300000,0x0000008211400000)]
  0x00000195443324c0 JavaThread "C1 CompilerThread2" daemon [_thread_blocked, id=26724, stack(0x0000008211400000,0x0000008211500000)]
  0x00000195445734d0 JavaThread "Monitor Ctrl-Break" daemon [_thread_in_native, id=27236, stack(0x0000008211600000,0x0000008211700000)]
  0x00000195445739a0 JavaThread "Notification Thread" daemon [_thread_blocked, id=27136, stack(0x0000008211700000,0x0000008211800000)]

Other Threads:
  0x00000195437e32c0 VMThread "VM Thread" [stack: 0x0000008210800000,0x0000008210900000] [id=21448]
  0x0000019544573e70 WatcherThread [stack: 0x0000008211800000,0x0000008211900000] [id=26740]
  0x00000195170faaa0 GCTaskThread "GC Thread#0" [stack: 0x0000008210300000,0x0000008210400000] [id=4684]
  0x000001951710b880 ConcurrentGCThread "G1 Main Marker" [stack: 0x0000008210400000,0x0000008210500000] [id=7188]
  0x000001951710d1b0 ConcurrentGCThread "G1 Conc#0" [stack: 0x0000008210500000,0x0000008210600000] [id=27132]
  0x0000019543720cd0 ConcurrentGCThread "G1 Refine#0" [stack: 0x0000008210600000,0x0000008210700000] [id=12132]
  0x0000019543721600 ConcurrentGCThread "G1 Service" [stack: 0x0000008210700000,0x0000008210800000] [id=27304]

Threads with active compile tasks:

VM state: not at safepoint (normal execution)

VM Mutex/Monitor currently owned by a thread: None

Heap address: 0x0000000600c00000, size: 8180 MB, Compressed Oops mode: Zero based, Oop shift amount: 3

CDS archive(s) mapped at: [0x0000000800000000-0x0000000800bd0000-0x0000000800bd0000), size 12386304, SharedBaseAddress: 0x0000000800000000, ArchiveRelocationMode: 0.
Compressed class space mapped at: 0x0000000800c00000-0x0000000840c00000, reserved size: 1073741824
Narrow klass base: 0x0000000800000000, Narrow klass shift: 0, Narrow klass range: 0x100000000

GC Precious Log:
 CPUs: 16 total, 16 available
 Memory: 32706M
 Large Page Support: Disabled
 NUMA Support: Disabled
 Compressed Oops: Enabled (Zero based)
 Heap Region Size: 4M
 Heap Min Capacity: 8M
 Heap Initial Capacity: 512M
 Heap Max Capacity: 8180M
 Pre-touch: Disabled
 Parallel Workers: 13
 Concurrent Workers: 3
 Concurrent Refinement Workers: 13
 Periodic GC: Disabled

Heap:
 garbage-first heap   total 524288K, used 20480K [0x0000000600c00000, 0x0000000800000000)
  region size 4096K, 3 young (12288K), 0 survivors (0K)
 Metaspace       used 4354K, committed 4480K, reserved 1056768K
  class space    used 265K, committed 320K, reserved 1048576K

Heap Regions: E=young(eden), S=young(survivor), O=old, HS=humongous(starts), HC=humongous(continues), CS=collection set, F=free, OA=open archive, CA=closed archive, TAMS=top-at-mark-start (previous, next)
|   0|0x0000000600c00000, 0x0000000601000000, 0x0000000601000000|100%|HS|  |TAMS 0x0000000600c00000, 0x0000000600c00000| Complete 
|   1|0x0000000601000000, 0x0000000601400000, 0x0000000601400000|100%|HC|  |TAMS 0x0000000601000000, 0x0000000601000000| Complete 
|   2|0x0000000601400000, 0x0000000601800000, 0x0000000601800000|100%|HC|  |TAMS 0x0000000601400000, 0x0000000601400000| Complete 
|   3|0x0000000601800000, 0x0000000601800000, 0x0000000601c00000|  0%| F|  |TAMS 0x0000000601800000, 0x0000000601800000| Untracked 
|   4|0x0000000601c00000, 0x0000000601c00000, 0x0000000602000000|  0%| F|  |TAMS 0x0000000601c00000, 0x0000000601c00000| Untracked 
|   5|0x0000000602000000, 0x0000000602000000, 0x0000000602400000|  0%| F|  |TAMS 0x0000000602000000, 0x0000000602000000| Untracked 
|   6|0x0000000602400000, 0x0000000602400000, 0x0000000602800000|  0%| F|  |TAMS 0x0000000602400000, 0x0000000602400000| Untracked 
|   7|0x0000000602800000, 0x0000000602800000, 0x0000000602c00000|  0%| F|  |TAMS 0x0000000602800000, 0x0000000602800000| Untracked 
|   8|0x0000000602c00000, 0x0000000602c00000, 0x0000000603000000|  0%| F|  |TAMS 0x0000000602c00000, 0x0000000602c00000| Untracked 
|   9|0x0000000603000000, 0x0000000603000000, 0x0000000603400000|  0%| F|  |TAMS 0x0000000603000000, 0x0000000603000000| Untracked 
|  10|0x0000000603400000, 0x0000000603400000, 0x0000000603800000|  0%| F|  |TAMS 0x0000000603400000, 0x0000000603400000| Untracked 
|  11|0x0000000603800000, 0x0000000603800000, 0x0000000603c00000|  0%| F|  |TAMS 0x0000000603800000, 0x0000000603800000| Untracked 
|  12|0x0000000603c00000, 0x0000000603c00000, 0x0000000604000000|  0%| F|  |TAMS 0x0000000603c00000, 0x0000000603c00000| Untracked 
|  13|0x0000000604000000, 0x0000000604000000, 0x0000000604400000|  0%| F|  |TAMS 0x0000000604000000, 0x0000000604000000| Untracked 
|  14|0x0000000604400000, 0x0000000604400000, 0x0000000604800000|  0%| F|  |TAMS 0x0000000604400000, 0x0000000604400000| Untracked 
|  15|0x0000000604800000, 0x0000000604800000, 0x0000000604c00000|  0%| F|  |TAMS 0x0000000604800000, 0x0000000604800000| Untracked 
|  16|0x0000000604c00000, 0x0000000604c00000, 0x0000000605000000|  0%| F|  |TAMS 0x0000000604c00000, 0x0000000604c00000| Untracked 
|  17|0x0000000605000000, 0x0000000605000000, 0x0000000605400000|  0%| F|  |TAMS 0x0000000605000000, 0x0000000605000000| Untracked 
|  18|0x0000000605400000, 0x0000000605400000, 0x0000000605800000|  0%| F|  |TAMS 0x0000000605400000, 0x0000000605400000| Untracked 
|  19|0x0000000605800000, 0x0000000605800000, 0x0000000605c00000|  0%| F|  |TAMS 0x0000000605800000, 0x0000000605800000| Untracked 
|  20|0x0000000605c00000, 0x0000000605c00000, 0x0000000606000000|  0%| F|  |TAMS 0x0000000605c00000, 0x0000000605c00000| Untracked 
|  21|0x0000000606000000, 0x0000000606000000, 0x0000000606400000|  0%| F|  |TAMS 0x0000000606000000, 0x0000000606000000| Untracked 
|  22|0x0000000606400000, 0x0000000606400000, 0x0000000606800000|  0%| F|  |TAMS 0x0000000606400000, 0x0000000606400000| Untracked 
|  23|0x0000000606800000, 0x0000000606800000, 0x0000000606c00000|  0%| F|  |TAMS 0x0000000606800000, 0x0000000606800000| Untracked 
|  24|0x0000000606c00000, 0x0000000606c00000, 0x0000000607000000|  0%| F|  |TAMS 0x0000000606c00000, 0x0000000606c00000| Untracked 
|  25|0x0000000607000000, 0x0000000607000000, 0x0000000607400000|  0%| F|  |TAMS 0x0000000607000000, 0x0000000607000000| Untracked 
|  26|0x0000000607400000, 0x0000000607400000, 0x0000000607800000|  0%| F|  |TAMS 0x0000000607400000, 0x0000000607400000| Untracked 
|  27|0x0000000607800000, 0x0000000607800000, 0x0000000607c00000|  0%| F|  |TAMS 0x0000000607800000, 0x0000000607800000| Untracked 
|  28|0x0000000607c00000, 0x0000000607c00000, 0x0000000608000000|  0%| F|  |TAMS 0x0000000607c00000, 0x0000000607c00000| Untracked 
|  29|0x0000000608000000, 0x0000000608000000, 0x0000000608400000|  0%| F|  |TAMS 0x0000000608000000, 0x0000000608000000| Untracked 
|  30|0x0000000608400000, 0x0000000608400000, 0x0000000608800000|  0%| F|  |TAMS 0x0000000608400000, 0x0000000608400000| Untracked 
|  31|0x0000000608800000, 0x0000000608800000, 0x0000000608c00000|  0%| F|  |TAMS 0x0000000608800000, 0x0000000608800000| Untracked 
|  32|0x0000000608c00000, 0x0000000608c00000, 0x0000000609000000|  0%| F|  |TAMS 0x0000000608c00000, 0x0000000608c00000| Untracked 
|  33|0x0000000609000000, 0x0000000609000000, 0x0000000609400000|  0%| F|  |TAMS 0x0000000609000000, 0x0000000609000000| Untracked 
|  34|0x0000000609400000, 0x0000000609400000, 0x0000000609800000|  0%| F|  |TAMS 0x0000000609400000, 0x0000000609400000| Untracked 
|  35|0x0000000609800000, 0x0000000609800000, 0x0000000609c00000|  0%| F|  |TAMS 0x0000000609800000, 0x0000000609800000| Untracked 
|  36|0x0000000609c00000, 0x0000000609c00000, 0x000000060a000000|  0%| F|  |TAMS 0x0000000609c00000, 0x0000000609c00000| Untracked 
|  37|0x000000060a000000, 0x000000060a000000, 0x000000060a400000|  0%| F|  |TAMS 0x000000060a000000, 0x000000060a000000| Untracked 
|  38|0x000000060a400000, 0x000000060a400000, 0x000000060a800000|  0%| F|  |TAMS 0x000000060a400000, 0x000000060a400000| Untracked 
|  39|0x000000060a800000, 0x000000060a800000, 0x000000060ac00000|  0%| F|  |TAMS 0x000000060a800000, 0x000000060a800000| Untracked 
|  40|0x000000060ac00000, 0x000000060ac00000, 0x000000060b000000|  0%| F|  |TAMS 0x000000060ac00000, 0x000000060ac00000| Untracked 
|  41|0x000000060b000000, 0x000000060b000000, 0x000000060b400000|  0%| F|  |TAMS 0x000000060b000000, 0x000000060b000000| Untracked 
|  42|0x000000060b400000, 0x000000060b400000, 0x000000060b800000|  0%| F|  |TAMS 0x000000060b400000, 0x000000060b400000| Untracked 
|  43|0x000000060b800000, 0x000000060b800000, 0x000000060bc00000|  0%| F|  |TAMS 0x000000060b800000, 0x000000060b800000| Untracked 
|  44|0x000000060bc00000, 0x000000060bc00000, 0x000000060c000000|  0%| F|  |TAMS 0x000000060bc00000, 0x000000060bc00000| Untracked 
|  45|0x000000060c000000, 0x000000060c000000, 0x000000060c400000|  0%| F|  |TAMS 0x000000060c000000, 0x000000060c000000| Untracked 
|  46|0x000000060c400000, 0x000000060c400000, 0x000000060c800000|  0%| F|  |TAMS 0x000000060c400000, 0x000000060c400000| Untracked 
|  47|0x000000060c800000, 0x000000060c800000, 0x000000060cc00000|  0%| F|  |TAMS 0x000000060c800000, 0x000000060c800000| Untracked 
|  48|0x000000060cc00000, 0x000000060cc00000, 0x000000060d000000|  0%| F|  |TAMS 0x000000060cc00000, 0x000000060cc00000| Untracked 
|  49|0x000000060d000000, 0x000000060d000000, 0x000000060d400000|  0%| F|  |TAMS 0x000000060d000000, 0x000000060d000000| Untracked 
|  50|0x000000060d400000, 0x000000060d400000, 0x000000060d800000|  0%| F|  |TAMS 0x000000060d400000, 0x000000060d400000| Untracked 
|  51|0x000000060d800000, 0x000000060d800000, 0x000000060dc00000|  0%| F|  |TAMS 0x000000060d800000, 0x000000060d800000| Untracked 
|  52|0x000000060dc00000, 0x000000060dc00000, 0x000000060e000000|  0%| F|  |TAMS 0x000000060dc00000, 0x000000060dc00000| Untracked 
|  53|0x000000060e000000, 0x000000060e000000, 0x000000060e400000|  0%| F|  |TAMS 0x000000060e000000, 0x000000060e000000| Untracked 
|  54|0x000000060e400000, 0x000000060e400000, 0x000000060e800000|  0%| F|  |TAMS 0x000000060e400000, 0x000000060e400000| Untracked 
|  55|0x000000060e800000, 0x000000060e800000, 0x000000060ec00000|  0%| F|  |TAMS 0x000000060e800000, 0x000000060e800000| Untracked 
|  56|0x000000060ec00000, 0x000000060ec00000, 0x000000060f000000|  0%| F|  |TAMS 0x000000060ec00000, 0x000000060ec00000| Untracked 
|  57|0x000000060f000000, 0x000000060f000000, 0x000000060f400000|  0%| F|  |TAMS 0x000000060f000000, 0x000000060f000000| Untracked 
|  58|0x000000060f400000, 0x000000060f400000, 0x000000060f800000|  0%| F|  |TAMS 0x000000060f400000, 0x000000060f400000| Untracked 
|  59|0x000000060f800000, 0x000000060f800000, 0x000000060fc00000|  0%| F|  |TAMS 0x000000060f800000, 0x000000060f800000| Untracked 
|  60|0x000000060fc00000, 0x000000060fc00000, 0x0000000610000000|  0%| F|  |TAMS 0x000000060fc00000, 0x000000060fc00000| Untracked 
|  61|0x0000000610000000, 0x0000000610000000, 0x0000000610400000|  0%| F|  |TAMS 0x0000000610000000, 0x0000000610000000| Untracked 
|  62|0x0000000610400000, 0x0000000610400000, 0x0000000610800000|  0%| F|  |TAMS 0x0000000610400000, 0x0000000610400000| Untracked 
|  63|0x0000000610800000, 0x0000000610800000, 0x0000000610c00000|  0%| F|  |TAMS 0x0000000610800000, 0x0000000610800000| Untracked 
|  64|0x0000000610c00000, 0x0000000610c00000, 0x0000000611000000|  0%| F|  |TAMS 0x0000000610c00000, 0x0000000610c00000| Untracked 
|  65|0x0000000611000000, 0x0000000611000000, 0x0000000611400000|  0%| F|  |TAMS 0x0000000611000000, 0x0000000611000000| Untracked 
|  66|0x0000000611400000, 0x0000000611400000, 0x0000000611800000|  0%| F|  |TAMS 0x0000000611400000, 0x0000000611400000| Untracked 
|  67|0x0000000611800000, 0x0000000611800000, 0x0000000611c00000|  0%| F|  |TAMS 0x0000000611800000, 0x0000000611800000| Untracked 
|  68|0x0000000611c00000, 0x0000000611c00000, 0x0000000612000000|  0%| F|  |TAMS 0x0000000611c00000, 0x0000000611c00000| Untracked 
|  69|0x0000000612000000, 0x0000000612000000, 0x0000000612400000|  0%| F|  |TAMS 0x0000000612000000, 0x0000000612000000| Untracked 
|  70|0x0000000612400000, 0x0000000612400000, 0x0000000612800000|  0%| F|  |TAMS 0x0000000612400000, 0x0000000612400000| Untracked 
|  71|0x0000000612800000, 0x0000000612800000, 0x0000000612c00000|  0%| F|  |TAMS 0x0000000612800000, 0x0000000612800000| Untracked 
|  72|0x0000000612c00000, 0x0000000612c00000, 0x0000000613000000|  0%| F|  |TAMS 0x0000000612c00000, 0x0000000612c00000| Untracked 
|  73|0x0000000613000000, 0x0000000613000000, 0x0000000613400000|  0%| F|  |TAMS 0x0000000613000000, 0x0000000613000000| Untracked 
|  74|0x0000000613400000, 0x0000000613400000, 0x0000000613800000|  0%| F|  |TAMS 0x0000000613400000, 0x0000000613400000| Untracked 
|  75|0x0000000613800000, 0x0000000613800000, 0x0000000613c00000|  0%| F|  |TAMS 0x0000000613800000, 0x0000000613800000| Untracked 
|  76|0x0000000613c00000, 0x0000000613c00000, 0x0000000614000000|  0%| F|  |TAMS 0x0000000613c00000, 0x0000000613c00000| Untracked 
|  77|0x0000000614000000, 0x0000000614000000, 0x0000000614400000|  0%| F|  |TAMS 0x0000000614000000, 0x0000000614000000| Untracked 
|  78|0x0000000614400000, 0x0000000614400000, 0x0000000614800000|  0%| F|  |TAMS 0x0000000614400000, 0x0000000614400000| Untracked 
|  79|0x0000000614800000, 0x0000000614800000, 0x0000000614c00000|  0%| F|  |TAMS 0x0000000614800000, 0x0000000614800000| Untracked 
|  80|0x0000000614c00000, 0x0000000614c00000, 0x0000000615000000|  0%| F|  |TAMS 0x0000000614c00000, 0x0000000614c00000| Untracked 
|  81|0x0000000615000000, 0x0000000615000000, 0x0000000615400000|  0%| F|  |TAMS 0x0000000615000000, 0x0000000615000000| Untracked 
|  82|0x0000000615400000, 0x0000000615400000, 0x0000000615800000|  0%| F|  |TAMS 0x0000000615400000, 0x0000000615400000| Untracked 
|  83|0x0000000615800000, 0x0000000615800000, 0x0000000615c00000|  0%| F|  |TAMS 0x0000000615800000, 0x0000000615800000| Untracked 
|  84|0x0000000615c00000, 0x0000000615c00000, 0x0000000616000000|  0%| F|  |TAMS 0x0000000615c00000, 0x0000000615c00000| Untracked 
|  85|0x0000000616000000, 0x0000000616000000, 0x0000000616400000|  0%| F|  |TAMS 0x0000000616000000, 0x0000000616000000| Untracked 
|  86|0x0000000616400000, 0x0000000616400000, 0x0000000616800000|  0%| F|  |TAMS 0x0000000616400000, 0x0000000616400000| Untracked 
|  87|0x0000000616800000, 0x0000000616800000, 0x0000000616c00000|  0%| F|  |TAMS 0x0000000616800000, 0x0000000616800000| Untracked 
|  88|0x0000000616c00000, 0x0000000616c00000, 0x0000000617000000|  0%| F|  |TAMS 0x0000000616c00000, 0x0000000616c00000| Untracked 
|  89|0x0000000617000000, 0x0000000617000000, 0x0000000617400000|  0%| F|  |TAMS 0x0000000617000000, 0x0000000617000000| Untracked 
|  90|0x0000000617400000, 0x0000000617400000, 0x0000000617800000|  0%| F|  |TAMS 0x0000000617400000, 0x0000000617400000| Untracked 
|  91|0x0000000617800000, 0x0000000617800000, 0x0000000617c00000|  0%| F|  |TAMS 0x0000000617800000, 0x0000000617800000| Untracked 
|  92|0x0000000617c00000, 0x0000000617c00000, 0x0000000618000000|  0%| F|  |TAMS 0x0000000617c00000, 0x0000000617c00000| Untracked 
|  93|0x0000000618000000, 0x0000000618000000, 0x0000000618400000|  0%| F|  |TAMS 0x0000000618000000, 0x0000000618000000| Untracked 
|  94|0x0000000618400000, 0x0000000618400000, 0x0000000618800000|  0%| F|  |TAMS 0x0000000618400000, 0x0000000618400000| Untracked 
|  95|0x0000000618800000, 0x0000000618800000, 0x0000000618c00000|  0%| F|  |TAMS 0x0000000618800000, 0x0000000618800000| Untracked 
|  96|0x0000000618c00000, 0x0000000618c00000, 0x0000000619000000|  0%| F|  |TAMS 0x0000000618c00000, 0x0000000618c00000| Untracked 
|  97|0x0000000619000000, 0x0000000619000000, 0x0000000619400000|  0%| F|  |TAMS 0x0000000619000000, 0x0000000619000000| Untracked 
|  98|0x0000000619400000, 0x0000000619400000, 0x0000000619800000|  0%| F|  |TAMS 0x0000000619400000, 0x0000000619400000| Untracked 
|  99|0x0000000619800000, 0x0000000619800000, 0x0000000619c00000|  0%| F|  |TAMS 0x0000000619800000, 0x0000000619800000| Untracked 
| 100|0x0000000619c00000, 0x0000000619c00000, 0x000000061a000000|  0%| F|  |TAMS 0x0000000619c00000, 0x0000000619c00000| Untracked 
| 101|0x000000061a000000, 0x000000061a000000, 0x000000061a400000|  0%| F|  |TAMS 0x000000061a000000, 0x000000061a000000| Untracked 
| 102|0x000000061a400000, 0x000000061a400000, 0x000000061a800000|  0%| F|  |TAMS 0x000000061a400000, 0x000000061a400000| Untracked 
| 103|0x000000061a800000, 0x000000061a800000, 0x000000061ac00000|  0%| F|  |TAMS 0x000000061a800000, 0x000000061a800000| Untracked 
| 104|0x000000061ac00000, 0x000000061ac00000, 0x000000061b000000|  0%| F|  |TAMS 0x000000061ac00000, 0x000000061ac00000| Untracked 
| 105|0x000000061b000000, 0x000000061b000000, 0x000000061b400000|  0%| F|  |TAMS 0x000000061b000000, 0x000000061b000000| Untracked 
| 106|0x000000061b400000, 0x000000061b400000, 0x000000061b800000|  0%| F|  |TAMS 0x000000061b400000, 0x000000061b400000| Untracked 
| 107|0x000000061b800000, 0x000000061b800000, 0x000000061bc00000|  0%| F|  |TAMS 0x000000061b800000, 0x000000061b800000| Untracked 
| 108|0x000000061bc00000, 0x000000061bc00000, 0x000000061c000000|  0%| F|  |TAMS 0x000000061bc00000, 0x000000061bc00000| Untracked 
| 109|0x000000061c000000, 0x000000061c000000, 0x000000061c400000|  0%| F|  |TAMS 0x000000061c000000, 0x000000061c000000| Untracked 
| 110|0x000000061c400000, 0x000000061c400000, 0x000000061c800000|  0%| F|  |TAMS 0x000000061c400000, 0x000000061c400000| Untracked 
| 111|0x000000061c800000, 0x000000061c800000, 0x000000061cc00000|  0%| F|  |TAMS 0x000000061c800000, 0x000000061c800000| Untracked 
| 112|0x000000061cc00000, 0x000000061cc00000, 0x000000061d000000|  0%| F|  |TAMS 0x000000061cc00000, 0x000000061cc00000| Untracked 
| 113|0x000000061d000000, 0x000000061d000000, 0x000000061d400000|  0%| F|  |TAMS 0x000000061d000000, 0x000000061d000000| Untracked 
| 114|0x000000061d400000, 0x000000061d400000, 0x000000061d800000|  0%| F|  |TAMS 0x000000061d400000, 0x000000061d400000| Untracked 
| 115|0x000000061d800000, 0x000000061d800000, 0x000000061dc00000|  0%| F|  |TAMS 0x000000061d800000, 0x000000061d800000| Untracked 
| 116|0x000000061dc00000, 0x000000061dc00000, 0x000000061e000000|  0%| F|  |TAMS 0x000000061dc00000, 0x000000061dc00000| Untracked 
| 117|0x000000061e000000, 0x000000061e000000, 0x000000061e400000|  0%| F|  |TAMS 0x000000061e000000, 0x000000061e000000| Untracked 
| 118|0x000000061e400000, 0x000000061e400000, 0x000000061e800000|  0%| F|  |TAMS 0x000000061e400000, 0x000000061e400000| Untracked 
| 119|0x000000061e800000, 0x000000061e800000, 0x000000061ec00000|  0%| F|  |TAMS 0x000000061e800000, 0x000000061e800000| Untracked 
| 120|0x000000061ec00000, 0x000000061ec00000, 0x000000061f000000|  0%| F|  |TAMS 0x000000061ec00000, 0x000000061ec00000| Untracked 
| 121|0x000000061f000000, 0x000000061f000000, 0x000000061f400000|  0%| F|  |TAMS 0x000000061f000000, 0x000000061f000000| Untracked 
| 122|0x000000061f400000, 0x000000061f400000, 0x000000061f800000|  0%| F|  |TAMS 0x000000061f400000, 0x000000061f400000| Untracked 
| 123|0x000000061f800000, 0x000000061f800000, 0x000000061fc00000|  0%| F|  |TAMS 0x000000061f800000, 0x000000061f800000| Untracked 
| 124|0x000000061fc00000, 0x000000061fc00000, 0x0000000620000000|  0%| F|  |TAMS 0x000000061fc00000, 0x000000061fc00000| Untracked 
| 125|0x0000000620000000, 0x0000000620208fe0, 0x0000000620400000| 50%| E|  |TAMS 0x0000000620000000, 0x0000000620000000| Complete 
| 126|0x0000000620400000, 0x0000000620800000, 0x0000000620800000|100%| E|CS|TAMS 0x0000000620400000, 0x0000000620400000| Complete 
| 127|0x0000000620800000, 0x0000000620c00000, 0x0000000620c00000|100%| E|CS|TAMS 0x0000000620800000, 0x0000000620800000| Complete 

Card table byte_map: [0x000001952f160000,0x0000019530160000] _byte_map_base: 0x000001952c15a000

Marking Bits (Prev, Next): (CMBitMap*) 0x00000195170fafc0, (CMBitMap*) 0x00000195170fb000
 Prev Bits: [0x0000019531160000, 0x0000019539130000)
 Next Bits: [0x0000019539130000, 0x0000019541100000)

Polling page: 0x0000019516820000

Metaspace:

Usage:
  Non-class:      3.99 MB used.
      Class:    265.00 KB used.
       Both:      4.25 MB used.

Virtual space:
  Non-class space:        8.00 MB reserved,       4.06 MB ( 51%) committed,  1 nodes.
      Class space:        1.00 GB reserved,     320.00 KB ( <1%) committed,  1 nodes.
             Both:        1.01 GB reserved,       4.38 MB ( <1%) committed. 

Chunk freelists:
   Non-Class:  1.94 MB
       Class:  3.64 MB
        Both:  5.58 MB

MaxMetaspaceSize: unlimited
CompressedClassSpaceSize: 1.00 GB
Initial GC threshold: 21.00 MB
Current GC threshold: 21.00 MB
CDS: on
MetaspaceReclaimPolicy: balanced
 - commit_granule_bytes: 65536.
 - commit_granule_words: 8192.
 - virtual_space_node_default_size: 1048576.
 - enlarge_chunks_in_place: 1.
 - new_chunks_are_fully_committed: 0.
 - uncommit_free_chunks: 1.
 - use_allocation_guard: 0.
 - handle_deallocations: 1.


Internal statistics:

num_allocs_failed_limit: 0.
num_arena_births: 64.
num_arena_deaths: 0.
num_vsnodes_births: 2.
num_vsnodes_deaths: 0.
num_space_committed: 68.
num_space_uncommitted: 0.
num_chunks_returned_to_freelist: 0.
num_chunks_taken_from_freelist: 153.
num_chunk_merges: 0.
num_chunk_splits: 100.
num_chunks_enlarged: 72.
num_purges: 0.
num_inconsistent_stats: 0.

CodeHeap 'non-profiled nmethods': size=119168Kb used=231Kb max_used=231Kb free=118936Kb
 bounds [0x0000019526460000, 0x00000195266d0000, 0x000001952d8c0000]
CodeHeap 'profiled nmethods': size=119104Kb used=1309Kb max_used=1309Kb free=117794Kb
 bounds [0x000001951f010000, 0x000001951f280000, 0x0000019526460000]
CodeHeap 'non-nmethods': size=7488Kb used=2744Kb max_used=2759Kb free=4743Kb
 bounds [0x000001951e8c0000, 0x000001951eb80000, 0x000001951f010000]
 total_blobs=1863 nmethods=806 adapters=968
 compilation: enabled
              stopped_count=0, restarted_count=0
 full_count=0

Compilation events (20 events):
Event: 0.422 Thread 0x00000195438049a0  797       4       java.util.Random::next (47 bytes)
Event: 0.422 Thread 0x00000195438049a0 nmethod 797 0x0000019526498110 code [0x0000019526498280, 0x0000019526498378]
Event: 0.426 Thread 0x000001954432f8e0  798 %     3       org.graphics.CanvasRenderer::<init> @ 60 (317 bytes)
Event: 0.427 Thread 0x000001954432f8e0 nmethod 798% 0x000001951f151d90 code [0x000001951f152100, 0x000001951f153348]
Event: 0.427 Thread 0x0000019543808e60  799       3       org.graphics.CanvasRenderer::<init> (317 bytes)
Event: 0.428 Thread 0x0000019543808e60 nmethod 799 0x000001951f153b90 code [0x000001951f153f00, 0x000001951f154fe8]
Event: 0.428 Thread 0x00000195438049a0  800 %     4       org.graphics.CanvasRenderer::<init> @ 60 (317 bytes)
Event: 0.432 Thread 0x00000195438049a0 nmethod 800% 0x0000019526498490 code [0x0000019526498660, 0x0000019526498b78]
Event: 0.442 Thread 0x0000019543808e60  801       3       java.io.WinNTFileSystem::isLetter (30 bytes)
Event: 0.442 Thread 0x0000019543808e60 nmethod 801 0x000001951f155790 code [0x000001951f155920, 0x000001951f155b38]
Event: 0.442 Thread 0x0000019543808e60  802   !   3       jdk.internal.loader.URLClassPath$JarLoader::ensureOpen (36 bytes)
Event: 0.442 Thread 0x0000019543808e60 nmethod 802 0x000001951f155c10 code [0x000001951f155e00, 0x000001951f156548]
Event: 0.443 Thread 0x0000019543808e60  803       3       java.util.jar.JarFile::getEntry (35 bytes)
Event: 0.443 Thread 0x0000019543808e60 nmethod 803 0x000001951f156790 code [0x000001951f156980, 0x000001951f156e18]
Event: 0.443 Thread 0x0000019543808e60  804       3       java.util.concurrent.ConcurrentHashMap$Node::<init> (14 bytes)
Event: 0.444 Thread 0x0000019543808e60 nmethod 804 0x000001951f156f90 code [0x000001951f157140, 0x000001951f157438]
Event: 0.444 Thread 0x00000195438049a0  805       4       java.lang.AbstractStringBuilder::putStringAt (12 bytes)
Event: 0.445 Thread 0x00000195438049a0 nmethod 805 0x0000019526499010 code [0x00000195264991a0, 0x00000195264994a8]
Event: 0.445 Thread 0x00000195438049a0  806       4       java.lang.AbstractStringBuilder::putStringAt (34 bytes)
Event: 0.447 Thread 0x00000195438049a0 nmethod 806 0x0000019526499690 code [0x0000019526499820, 0x0000019526499b48]

GC Heap History (0 events):
No events

Deoptimization events (20 events):
Event: 0.165 Thread 0x000001951704acb0 DEOPT PACKING pc=0x000001951f0abbf2 sp=0x00000082102fdf80
Event: 0.165 Thread 0x000001951704acb0 DEOPT UNPACKING pc=0x000001951e912b43 sp=0x00000082102fd3f8 mode 0
Event: 0.166 Thread 0x000001951704acb0 DEOPT PACKING pc=0x000001951f0abbf2 sp=0x00000082102fdf80
Event: 0.166 Thread 0x000001951704acb0 DEOPT UNPACKING pc=0x000001951e912b43 sp=0x00000082102fd3f8 mode 0
Event: 0.166 Thread 0x000001951704acb0 DEOPT PACKING pc=0x000001951f0abbf2 sp=0x00000082102fdf80
Event: 0.166 Thread 0x000001951704acb0 DEOPT UNPACKING pc=0x000001951e912b43 sp=0x00000082102fd3f8 mode 0
Event: 0.166 Thread 0x000001951704acb0 DEOPT PACKING pc=0x000001951f0abbf2 sp=0x00000082102fdf80
Event: 0.166 Thread 0x000001951704acb0 DEOPT UNPACKING pc=0x000001951e912b43 sp=0x00000082102fd3f8 mode 0
Event: 0.166 Thread 0x000001951704acb0 DEOPT PACKING pc=0x000001951f0abbf2 sp=0x00000082102fdf80
Event: 0.166 Thread 0x000001951704acb0 DEOPT UNPACKING pc=0x000001951e912b43 sp=0x00000082102fd3f8 mode 0
Event: 0.357 Thread 0x000001951704acb0 Uncommon trap: trap_request=0xffffff54 fr.pc=0x0000019526490de0 relative=0x0000000000000060
Event: 0.357 Thread 0x000001951704acb0 Uncommon trap: reason=speculate_null_assert action=make_not_entrant pc=0x0000019526490de0 method=sun.misc.Unsafe.putLong(Ljava/lang/Object;JJ)V @ 7 c2
Event: 0.357 Thread 0x000001951704acb0 DEOPT PACKING pc=0x0000019526490de0 sp=0x00000082102fee30
Event: 0.357 Thread 0x000001951704acb0 DEOPT UNPACKING pc=0x000001951e9123a3 sp=0x00000082102feda8 mode 2
Event: 0.432 Thread 0x000001951704acb0 DEOPT PACKING pc=0x000001951f15316a sp=0x00000082102ff110
Event: 0.432 Thread 0x000001951704acb0 DEOPT UNPACKING pc=0x000001951e912b43 sp=0x00000082102fe680 mode 0
Event: 0.442 Thread 0x000001951704acb0 Uncommon trap: trap_request=0xffffff45 fr.pc=0x0000019526498910 relative=0x00000000000002b0
Event: 0.442 Thread 0x000001951704acb0 Uncommon trap: reason=unstable_if action=reinterpret pc=0x0000019526498910 method=org.graphics.CanvasRenderer.<init>(IILorg/graphics/ShaderProgram;)V @ 67 c2
Event: 0.442 Thread 0x000001951704acb0 DEOPT PACKING pc=0x0000019526498910 sp=0x00000082102ff1c0
Event: 0.442 Thread 0x000001951704acb0 DEOPT UNPACKING pc=0x000001951e9123a3 sp=0x00000082102ff180 mode 2

Classes unloaded (0 events):
No events

Classes redefined (0 events):
No events

Internal exceptions (20 events):
Event: 0.069 Thread 0x00000195445734d0 Exception <a 'java/lang/NoSuchMethodError'{0x0000000620b66bd0}: 'java.lang.Object java.lang.invoke.DirectMethodHandle$Holder.invokeStaticInit(java.lang.Object)'> (0x0000000620b66bd0) 
thrown [s\open\src\hotspot\share\interpreter\linkResolver.cpp, line 759]
Event: 0.074 Thread 0x00000195445734d0 Exception <a 'java/lang/NoSuchMethodError'{0x0000000620b749f0}: 'void java.lang.invoke.DirectMethodHandle$Holder.invokeStatic(java.lang.Object, java.lang.Object)'> (0x0000000620b749f0) 
thrown [s\open\src\hotspot\share\interpreter\linkResolver.cpp, line 759]
Event: 0.087 Thread 0x000001951704acb0 Exception <a 'java/lang/NoSuchMethodError'{0x0000000620477900}: 'void java.lang.invoke.DirectMethodHandle$Holder.invokeSpecial(java.lang.Object, java.lang.Object, java.lang.Object)'> (0x0000000620477900) 
thrown [s\open\src\hotspot\share\interpreter\linkResolver.cpp, line 759]
Event: 0.088 Thread 0x000001951704acb0 Exception <a 'java/lang/NoSuchMethodError'{0x000000062048a8e0}: 'java.lang.Object java.lang.invoke.DirectMethodHandle$Holder.invokeStatic(java.lang.Object, java.lang.Object, int)'> (0x000000062048a8e0) 
thrown [s\open\src\hotspot\share\interpreter\linkResolver.cpp, line 759]
Event: 0.089 Thread 0x000001951704acb0 Exception <a 'java/lang/NoSuchMethodError'{0x0000000620496650}: 'void java.lang.invoke.DelegatingMethodHandle$Holder.delegate(java.lang.Object, java.lang.Object, int, java.lang.Object)'> (0x0000000620496650) 
thrown [s\open\src\hotspot\share\interpreter\linkResolver.cpp, line 759]
Event: 0.089 Thread 0x000001951704acb0 Exception <a 'java/lang/NoSuchMethodError'{0x000000062049a688}: 'int java.lang.invoke.DirectMethodHandle$Holder.invokeSpecial(java.lang.Object, java.lang.Object, java.lang.Object)'> (0x000000062049a688) 
thrown [s\open\src\hotspot\share\interpreter\linkResolver.cpp, line 759]
Event: 0.110 Thread 0x000001951704acb0 Exception <a 'sun/nio/fs/WindowsException'{0x00000006204ed8e0}> (0x00000006204ed8e0) 
thrown [s\open\src\hotspot\share\prims\jni.cpp, line 516]
Event: 0.110 Thread 0x000001951704acb0 Exception <a 'sun/nio/fs/WindowsException'{0x00000006204ede30}> (0x00000006204ede30) 
thrown [s\open\src\hotspot\share\prims\jni.cpp, line 516]
Event: 0.139 Thread 0x000001951704acb0 Exception <a 'java/lang/NoSuchMethodError'{0x000000062058bbc0}: 'int java.lang.invoke.DirectMethodHandle$Holder.invokeStaticInit(java.lang.Object, java.lang.Object, int, long)'> (0x000000062058bbc0) 
thrown [s\open\src\hotspot\share\interpreter\linkResolver.cpp, line 759]
Event: 0.139 Thread 0x000001951704acb0 Exception <a 'java/lang/NoSuchMethodError'{0x0000000620591488}: 'java.lang.Object java.lang.invoke.DirectMethodHandle$Holder.newInvokeSpecial(java.lang.Object, java.lang.Object, int)'> (0x0000000620591488) 
thrown [s\open\src\hotspot\share\interpreter\linkResolver.cpp, line 759]
Event: 0.140 Thread 0x000001951704acb0 Exception <a 'java/lang/NoSuchMethodError'{0x00000006205a01b0}: 'int java.lang.invoke.DirectMethodHandle$Holder.invokeStaticInit(java.lang.Object, java.lang.Object, long, long)'> (0x00000006205a01b0) 
thrown [s\open\src\hotspot\share\interpreter\linkResolver.cpp, line 759]
Event: 0.141 Thread 0x000001951704acb0 Exception <a 'java/lang/NoSuchMethodError'{0x00000006205a62c0}: 'java.lang.Object java.lang.invoke.DirectMethodHandle$Holder.newInvokeSpecial(java.lang.Object, java.lang.Object, long)'> (0x00000006205a62c0) 
thrown [s\open\src\hotspot\share\interpreter\linkResolver.cpp, line 759]
Event: 0.142 Thread 0x000001951704acb0 Exception <a 'java/lang/NoSuchMethodError'{0x00000006205aa580}: 'java.lang.Object java.lang.invoke.Invokers$Holder.linkToTargetMethod(java.lang.Object, long, java.lang.Object)'> (0x00000006205aa580) 
thrown [s\open\src\hotspot\share\interpreter\linkResolver.cpp, line 759]
Event: 0.143 Thread 0x000001951704acb0 Exception <a 'java/lang/NoSuchMethodError'{0x00000006205b1dd0}: 'int java.lang.invoke.DirectMethodHandle$Holder.invokeStaticInit(java.lang.Object, java.lang.Object, java.lang.Object, long)'> (0x00000006205b1dd0) 
thrown [s\open\src\hotspot\share\interpreter\linkResolver.cpp, line 759]
Event: 0.156 Thread 0x000001951704acb0 Exception <a 'sun/nio/fs/WindowsException'{0x0000000620657980}> (0x0000000620657980) 
thrown [s\open\src\hotspot\share\prims\jni.cpp, line 516]
Event: 0.156 Thread 0x000001951704acb0 Exception <a 'sun/nio/fs/WindowsException'{0x0000000620657ce0}> (0x0000000620657ce0) 
thrown [s\open\src\hotspot\share\prims\jni.cpp, line 516]
Event: 0.348 Thread 0x000001951704acb0 Exception <a 'sun/nio/fs/WindowsException'{0x00000006206d6b50}> (0x00000006206d6b50) 
thrown [s\open\src\hotspot\share\prims\jni.cpp, line 516]
Event: 0.348 Thread 0x000001951704acb0 Exception <a 'sun/nio/fs/WindowsException'{0x00000006206d6ef0}> (0x00000006206d6ef0) 
thrown [s\open\src\hotspot\share\prims\jni.cpp, line 516]
Event: 0.353 Thread 0x000001951704acb0 Exception <a 'sun/nio/fs/WindowsException'{0x00000006206e06d0}> (0x00000006206e06d0) 
thrown [s\open\src\hotspot\share\prims\jni.cpp, line 516]
Event: 0.353 Thread 0x000001951704acb0 Exception <a 'sun/nio/fs/WindowsException'{0x00000006206e09a0}> (0x00000006206e09a0) 
thrown [s\open\src\hotspot\share\prims\jni.cpp, line 516]

VM Operations (4 events):
Event: 0.041 Executing VM operation: HandshakeAllThreads
Event: 0.042 Executing VM operation: HandshakeAllThreads done
Event: 0.069 Executing VM operation: HandshakeAllThreads
Event: 0.069 Executing VM operation: HandshakeAllThreads done

Events (20 events):
Event: 0.394 loading class java/util/Scanner
Event: 0.394 loading class java/util/Scanner done
Event: 0.396 loading class sun/net/ProgressMonitor
Event: 0.396 loading class sun/net/ProgressMonitor done
Event: 0.396 loading class sun/net/DefaultProgressMeteringPolicy
Event: 0.396 loading class sun/net/ProgressMeteringPolicy
Event: 0.396 loading class sun/net/ProgressMeteringPolicy done
Event: 0.396 loading class sun/net/DefaultProgressMeteringPolicy done
Event: 0.396 loading class java/util/Scanner$PatternLRUCache
Event: 0.396 loading class java/util/Scanner$PatternLRUCache done
Event: 0.397 loading class jdk/internal/module/ModulePatcher$PatchedModuleReader
Event: 0.397 loading class jdk/internal/module/ModulePatcher$PatchedModuleReader done
Event: 0.397 loading class sun/net/www/protocol/jrt/Handler
Event: 0.397 loading class sun/net/www/protocol/jrt/Handler done
Event: 0.400 loading class sun/text/resources/cldr/FormatData_en
Event: 0.400 loading class sun/text/resources/cldr/FormatData_en done
Event: 0.400 loading class sun/text/resources/cldr/FormatData_en_US
Event: 0.400 loading class sun/text/resources/cldr/FormatData_en_US done
Event: 0.403 loading class java/util/regex/Matcher$ImmutableMatchResult
Event: 0.403 loading class java/util/regex/Matcher$ImmutableMatchResult done


Dynamic libraries:
0x00007ff60d490000 - 0x00007ff60d4a0000 	C:\Program Files\Java\jdk-17.0.5\bin\java.exe
0x00007ffdfb7f0000 - 0x00007ffdfb9e8000 	C:\WINDOWS\SYSTEM32\ntdll.dll
0x00007ffdfb320000 - 0x00007ffdfb3e1000 	C:\WINDOWS\System32\KERNEL32.DLL
0x00007ffdf90e0000 - 0x00007ffdf93dd000 	C:\WINDOWS\System32\KERNELBASE.dll
0x00007ffdf8ea0000 - 0x00007ffdf8fa0000 	C:\WINDOWS\System32\ucrtbase.dll
0x00007ffde7c10000 - 0x00007ffde7c28000 	C:\Program Files\Java\jdk-17.0.5\bin\jli.dll
0x00007ffde5630000 - 0x00007ffde564a000 	C:\Program Files\Java\jdk-17.0.5\bin\VCRUNTIME140.dll
0x00007ffdfb700000 - 0x00007ffdfb7b0000 	C:\WINDOWS\System32\ADVAPI32.dll
0x00007ffdfb280000 - 0x00007ffdfb31e000 	C:\WINDOWS\System32\msvcrt.dll
0x00007ffdfb0b0000 - 0x00007ffdfb150000 	C:\WINDOWS\System32\sechost.dll
0x00007ffdfa9b0000 - 0x00007ffdfaad3000 	C:\WINDOWS\System32\RPCRT4.dll
0x00007ffdf9040000 - 0x00007ffdf9067000 	C:\WINDOWS\System32\bcrypt.dll
0x00007ffdfaae0000 - 0x00007ffdfac7d000 	C:\WINDOWS\System32\USER32.dll
0x00007ffdf9500000 - 0x00007ffdf9522000 	C:\WINDOWS\System32\win32u.dll
0x00007ffdf9880000 - 0x00007ffdf98ab000 	C:\WINDOWS\System32\GDI32.dll
0x00007ffde3e30000 - 0x00007ffde40ca000 	C:\WINDOWS\WinSxS\amd64_microsoft.windows.common-controls_6595b64144ccf1df_6.0.19041.4355_none_60b8b9eb71f62e16\COMCTL32.dll
0x00007ffdf93e0000 - 0x00007ffdf94f7000 	C:\WINDOWS\System32\gdi32full.dll
0x00007ffdf8fa0000 - 0x00007ffdf903d000 	C:\WINDOWS\System32\msvcp_win.dll
0x00007ffdf1c40000 - 0x00007ffdf1c4a000 	C:\WINDOWS\SYSTEM32\VERSION.dll
0x00007ffdfb460000 - 0x00007ffdfb48f000 	C:\WINDOWS\System32\IMM32.DLL
0x00007ffdd8130000 - 0x00007ffdd813c000 	C:\Program Files\Java\jdk-17.0.5\bin\vcruntime140_1.dll
0x00007ffdaf210000 - 0x00007ffdaf29d000 	C:\Program Files\Java\jdk-17.0.5\bin\msvcp140.dll
0x00007ffd722a0000 - 0x00007ffd72e62000 	C:\Program Files\Java\jdk-17.0.5\bin\server\jvm.dll
0x00007ffdfb490000 - 0x00007ffdfb498000 	C:\WINDOWS\System32\PSAPI.DLL
0x00007ffdcb700000 - 0x00007ffdcb709000 	C:\WINDOWS\SYSTEM32\WSOCK32.dll
0x00007ffdeb300000 - 0x00007ffdeb327000 	C:\WINDOWS\SYSTEM32\WINMM.dll
0x00007ffdfb3f0000 - 0x00007ffdfb45b000 	C:\WINDOWS\System32\WS2_32.dll
0x00007ffdf7710000 - 0x00007ffdf7722000 	C:\WINDOWS\SYSTEM32\kernel.appcore.dll
0x00007ffdd8120000 - 0x00007ffdd812a000 	C:\Program Files\Java\jdk-17.0.5\bin\jimage.dll
0x00007ffdf6a90000 - 0x00007ffdf6c74000 	C:\WINDOWS\SYSTEM32\DBGHELP.DLL
0x00007ffde76a0000 - 0x00007ffde76d4000 	C:\WINDOWS\SYSTEM32\dbgcore.DLL
0x00007ffdf9530000 - 0x00007ffdf95b2000 	C:\WINDOWS\System32\bcryptPrimitives.dll
0x00007ffdd7d50000 - 0x00007ffdd7d5e000 	C:\Program Files\Java\jdk-17.0.5\bin\instrument.dll
0x00007ffdb4930000 - 0x00007ffdb4955000 	C:\Program Files\Java\jdk-17.0.5\bin\java.dll
0x00007ffd9b2c0000 - 0x00007ffd9b396000 	C:\Program Files\Java\jdk-17.0.5\bin\jsvml.dll
0x00007ffdfa220000 - 0x00007ffdfa98f000 	C:\WINDOWS\System32\SHELL32.dll
0x00007ffdf6ef0000 - 0x00007ffdf7693000 	C:\WINDOWS\SYSTEM32\windows.storage.dll
0x00007ffdf9ec0000 - 0x00007ffdfa213000 	C:\WINDOWS\System32\combase.dll
0x00007ffdf88d0000 - 0x00007ffdf88fe000 	C:\WINDOWS\SYSTEM32\Wldp.dll
0x00007ffdfb1b0000 - 0x00007ffdfb27d000 	C:\WINDOWS\System32\OLEAUT32.dll
0x00007ffdfaec0000 - 0x00007ffdfaf6d000 	C:\WINDOWS\System32\SHCORE.dll
0x00007ffdfb150000 - 0x00007ffdfb1a5000 	C:\WINDOWS\System32\shlwapi.dll
0x00007ffdf8dd0000 - 0x00007ffdf8df4000 	C:\WINDOWS\SYSTEM32\profapi.dll
0x00007ffdca9a0000 - 0x00007ffdca9b8000 	C:\Program Files\Java\jdk-17.0.5\bin\zip.dll
0x00007ffdcfd60000 - 0x00007ffdcfd79000 	C:\Program Files\Java\jdk-17.0.5\bin\net.dll
0x00007ffdf0220000 - 0x00007ffdf032d000 	C:\WINDOWS\SYSTEM32\WINHTTP.dll
0x00007ffdf85c0000 - 0x00007ffdf862a000 	C:\WINDOWS\system32\mswsock.dll
0x00007ffdcfa80000 - 0x00007ffdcfa96000 	C:\Program Files\Java\jdk-17.0.5\bin\nio.dll
0x00007ffdc9010000 - 0x00007ffdc902a000 	E:\IntelliJ IDEA Community Edition 2024.2.3\bin\breakgen64.dll
0x00007ffd9b180000 - 0x00007ffd9b1fb000 	C:\Users\kupik\AppData\Local\Temp\lwjgl_kupik\3.3.4+7\x64\lwjgl.dll
0x00007ffd9a970000 - 0x00007ffd9a9f5000 	C:\Users\kupik\AppData\Local\Temp\lwjgl_kupik\3.3.4+7\x64\glfw.dll
0x00007ffdadd70000 - 0x00007ffdaddb5000 	C:\WINDOWS\SYSTEM32\dinput8.dll
0x00007ffdb4040000 - 0x00007ffdb4051000 	C:\WINDOWS\SYSTEM32\xinput1_4.dll
0x00007ffdf9670000 - 0x00007ffdf96be000 	C:\WINDOWS\System32\cfgmgr32.dll
0x00007ffdf8c30000 - 0x00007ffdf8c63000 	C:\WINDOWS\SYSTEM32\DEVOBJ.dll
0x00007ffdf5d70000 - 0x00007ffdf5d9f000 	C:\WINDOWS\SYSTEM32\dwmapi.dll
0x00007ffdd93a0000 - 0x00007ffdd94f2000 	C:\WINDOWS\SYSTEM32\inputhost.dll
0x00007ffdf4b50000 - 0x00007ffdf4ca7000 	C:\WINDOWS\SYSTEM32\wintypes.dll
0x00007ffdf3630000 - 0x00007ffdf3722000 	C:\WINDOWS\SYSTEM32\CoreMessaging.dll
0x00007ffdf53b0000 - 0x00007ffdf54a6000 	C:\WINDOWS\SYSTEM32\PROPSYS.dll
0x00007ffdf3250000 - 0x00007ffdf35ab000 	C:\WINDOWS\SYSTEM32\CoreUIComponents.dll
0x00007ffdf80d0000 - 0x00007ffdf8103000 	C:\WINDOWS\SYSTEM32\ntmarta.dll
0x00007ffdf59c0000 - 0x00007ffdf5a5e000 	C:\WINDOWS\system32\uxtheme.dll
0x0000000180000000 - 0x00000001834b3000 	C:\Program Files (x86)\RivaTuner Statistics Server\RTSSHooks64.dll
0x00007ffdf99f0000 - 0x00007ffdf9e5e000 	C:\WINDOWS\System32\SETUPAPI.dll
0x00007ffdfb550000 - 0x00007ffdfb665000 	C:\WINDOWS\System32\MSCTF.dll
0x00007ffd7f230000 - 0x00007ffd7f358000 	C:\WINDOWS\SYSTEM32\opengl32.dll
0x00007ffd93e10000 - 0x00007ffd93e3c000 	C:\WINDOWS\SYSTEM32\GLU32.dll
0x00007ffdfb4a0000 - 0x00007ffdfb549000 	C:\WINDOWS\System32\clbcatq.dll
0x00007ffd7afa0000 - 0x00007ffd7f22c000 	C:\WINDOWS\System32\DriverStore\FileRepository\nvak.inf_amd64_355ca23dd63f0b3b\nvoglv64.dll
0x00007ffdf98c0000 - 0x00007ffdf99eb000 	C:\WINDOWS\System32\ole32.dll
0x00007ffdf3e80000 - 0x00007ffdf3e94000 	C:\WINDOWS\SYSTEM32\WTSAPI32.dll
0x00007ffdf8a60000 - 0x00007ffdf8a72000 	C:\WINDOWS\SYSTEM32\msasn1.dll
0x00007ffdf0f20000 - 0x00007ffdf0f51000 	C:\WINDOWS\SYSTEM32\cryptnet.dll
0x00007ffdf96c0000 - 0x00007ffdf981c000 	C:\WINDOWS\System32\CRYPT32.dll
0x00007ffdf09c0000 - 0x00007ffdf0b07000 	C:\WINDOWS\SYSTEM32\drvstore.dll
0x00007ffdf87d0000 - 0x00007ffdf87dc000 	C:\WINDOWS\SYSTEM32\cryptbase.dll
0x00007ffdf9070000 - 0x00007ffdf90d9000 	C:\WINDOWS\System32\WINTRUST.dll
0x00007ffdee060000 - 0x00007ffdee09b000 	C:\WINDOWS\SYSTEM32\dxcore.dll
0x00007ffdf8830000 - 0x00007ffdf887b000 	C:\WINDOWS\SYSTEM32\powrprof.dll
0x00007ffdf87e0000 - 0x00007ffdf87f2000 	C:\WINDOWS\SYSTEM32\UMPDC.dll
0x00007ffdf8560000 - 0x00007ffdf85bb000 	C:\WINDOWS\SYSTEM32\WINSTA.dll
0x00007ffdd9f60000 - 0x00007ffdda059000 	C:\WINDOWS\SYSTEM32\textinputframework.dll
0x00007ffd99b60000 - 0x00007ffd99bc1000 	C:\Users\kupik\AppData\Local\Temp\lwjgl_kupik\3.3.4+7\x64\lwjgl_opengl.dll

dbghelp: loaded successfully - version: 4.0.5 - missing functions: none
symbol engine: initialized successfully - sym options: 0x614 - pdb path: .;C:\Program Files\Java\jdk-17.0.5\bin;C:\WINDOWS\SYSTEM32;C:\WINDOWS\WinSxS\amd64_microsoft.windows.common-controls_6595b64144ccf1df_6.0.19041.4355_none_60b8b9eb71f62e16;C:\Program Files\Java\jdk-17.0.5\bin\server;E:\IntelliJ IDEA Community Edition 2024.2.3\bin;C:\Users\kupik\AppData\Local\Temp\lwjgl_kupik\3.3.4+7\x64;C:\Program Files (x86)\RivaTuner Statistics Server;C:\WINDOWS\System32\DriverStore\FileRepository\nvak.inf_amd64_355ca23dd63f0b3b

VM Arguments:
jvm_args: -javaagent:E:\IntelliJ IDEA Community Edition 2024.2.3\lib\idea_rt.jar=61712:E:\IntelliJ IDEA Community Edition 2024.2.3\bin -Dfile.encoding=UTF-8 
java_command: org.application.Main
java_class_path (initial): D:\IntelliJ projects\Cellular-Automata\target\classes;C:\Users\kupik\.m2\repository\org\lwjgl\lwjgl\3.3.4\lwjgl-3.3.4.jar;C:\Users\kupik\.m2\repository\org\lwjgl\lwjgl-glfw\3.3.4\lwjgl-glfw-3.3.4.jar;C:\Users\kupik\.m2\repository\org\lwjgl\lwjgl-opengl\3.3.4\lwjgl-opengl-3.3.4.jar;C:\Users\kupik\.m2\repository\org\lwjgl\lwjgl\3.3.4\lwjgl-3.3.4-natives-windows.jar;C:\Users\kupik\.m2\repository\org\lwjgl\lwjgl-glfw\3.3.4\lwjgl-glfw-3.3.4-natives-windows.jar;C:\Users\kupik\.m2\repository\org\lwjgl\lwjgl-opengl\3.3.4\lwjgl-opengl-3.3.4-natives-windows.jar;C:\Users\kupik\.m2\repository\org\lwjglx\lwjgl3-awt\0.1.8\lwjgl3-awt-0.1.8.jar;C:\Users\kupik\.m2\repository\org\lwjgl\lwjgl-jawt\3.3.4\lwjgl-jawt-3.3.4.jar;C:\Users\kupik\.m2\repository\org\joml\joml-primitives\1.10.0\joml-primitives-1.10.0.jar;C:\Users\kupik\.m2\repository\org\joml\joml\1.10.7\joml-1.10.7.jar
Launcher Type: SUN_STANDARD

[Global flags]
     intx CICompilerCount                          = 12                                        {product} {ergonomic}
     uint ConcGCThreads                            = 3                                         {product} {ergonomic}
     uint G1ConcRefinementThreads                  = 13                                        {product} {ergonomic}
   size_t G1HeapRegionSize                         = 4194304                                   {product} {ergonomic}
    uintx GCDrainStackTargetSize                   = 64                                        {product} {ergonomic}
   size_t InitialHeapSize                          = 536870912                                 {product} {ergonomic}
   size_t MarkStackSize                            = 4194304                                   {product} {ergonomic}
   size_t MaxHeapSize                              = 8577351680                                {product} {ergonomic}
   size_t MaxNewSize                               = 5146411008                                {product} {ergonomic}
   size_t MinHeapDeltaBytes                        = 4194304                                   {product} {ergonomic}
   size_t MinHeapSize                              = 8388608                                   {product} {ergonomic}
    uintx NonNMethodCodeHeapSize                   = 7602480                                {pd product} {ergonomic}
    uintx NonProfiledCodeHeapSize                  = 122027880                              {pd product} {ergonomic}
    uintx ProfiledCodeHeapSize                     = 122027880                              {pd product} {ergonomic}
    uintx ReservedCodeCacheSize                    = 251658240                              {pd product} {ergonomic}
     bool SegmentedCodeCache                       = true                                      {product} {ergonomic}
   size_t SoftMaxHeapSize                          = 8577351680                             {manageable} {ergonomic}
     bool UseCompressedClassPointers               = true                           {product lp64_product} {ergonomic}
     bool UseCompressedOops                        = true                           {product lp64_product} {ergonomic}
     bool UseG1GC                                  = true                                      {product} {ergonomic}
     bool UseLargePagesIndividualAllocation        = false                                  {pd product} {ergonomic}

Logging:
Log output configuration:
 #0: stdout all=warning uptime,level,tags
 #1: stderr all=off uptime,level,tags

Environment Variables:
JAVA_HOME=C:\Program Files\Android\jdk\jdk-8.0.302.8-hotspot\jdk8u302-b08
PATH=C:\Program Files (x86)\NVIDIA Corporation\PhysX\Common;C:\Program Files\Common Files\Oracle\Java\javapath;C:\Program Files (x86)\Common Files\Oracle\Java\javapath;C:\Program Files\Microsoft\jdk-11.0.12.7-hotspot\bin;C:\Program Files (x86)\Cuminas\Document Express DjVu Plug-in\;C:\VulkanSDK\1.3.216.0\Bin;C:\WINDOWS\system32;C:\WINDOWS;C:\WINDOWS\System32\Wbem;C:\WINDOWS\System32\WindowsPowerShell\v1.0\;C:\WINDOWS\System32\OpenSSH\;C:\Program Files\nodejs\;D:\Windows Kits\10\Windows Performance Toolkit\;C:\Program Files\Microsoft SQL Server\150\Tools\Binn\;C:\Program Files\Microsoft SQL Server\Client SDK\ODBC\170\Tools\Binn\;C:\Program Files (x86)\Microsoft SQL Server\150\Tools\Binn\;C:\Program Files\Microsoft SQL Server\150\DTS\Binn\;C:\Program Files (x86)\Microsoft SQL Server\150\DTS\Binn\;C:\Program Files\Azure Data Studio\bin;C:\Program Files\dotnet\;C:\Program Files\Git\cmd;C:\Program Files\GitHub CLI\;C:\Program Files (x86)\Microsoft SQL Server\160\Tools\Binn\;C:\Program Files\Microsoft SQL Server\160\Tools\Binn\;C:\Program Files\Microsoft SQL Server\160\DTS\Binn\;C:\WINDOWS\system32;C:\WINDOWS;C:\WINDOWS\System32\Wbem;C:\WINDOWS\System32\WindowsPowerShell\v1.0\;C:\WINDOWS\System32\OpenSSH\;C:\Program Files (x86)\Microsoft SQL Server\160\DTS\Binn\;C:\Program Files\CMake\bin;C:\Program Files\Ninja\ninja.exe;C:\Program Files\Common Files\Oracle\Java\javapath;C:\Program Files (x86)\Common Files\Oracle\Java\javapath;C:\Program Files\Microsoft\jdk-11.0.12.7-hotspot\bin;C:\Program Files (x86)\Cuminas\Document Express DjVu Plug-in\;C:\VulkanSDK\1.3.216.0\Bin;C:\WINDOWS\system32;C:\WINDOWS;C:\WINDOWS\System32\Wbem;C:\WINDOWS\System32\WindowsPowerShell\v1.0\;C:\WINDOWS\System32\OpenSSH\;C:\Program Files\nodejs\;D:\Windows Kits\10\Windows Performance Toolkit\;C:\Program Files\Microsoft SQL Server\150\Tools\Binn\;C:\Program Files\Microsoft SQL Server\Client SDK\ODBC\170\Tools\Binn\;C:\Program Files (x86)\Microsoft SQL Server\150\Tools\Binn\;C:\Program Files\Microsoft SQL
USERNAME=kupik
OS=Windows_NT
PROCESSOR_IDENTIFIER=Intel64 Family 6 Model 158 Stepping 12, GenuineIntel



---------------  S Y S T E M  ---------------

OS:
 Windows 10 , 64 bit Build 19041 (10.0.19041.4842)
OS uptime: 0 days 17:12 hours

CPU: total 16 (initial active 16) (8 cores per cpu, 2 threads per core) family 6 model 158 stepping 12 microcode 0xae, cx8, cmov, fxsr, ht, mmx, 3dnowpref, sse, sse2, sse3, ssse3, sse4.1, sse4.2, popcnt, lzcnt, tsc, tscinvbit, avx, avx2, aes, erms, clmul, bmi1, bmi2, rtm, adx, fma, vzeroupper, clflush, clflushopt

Memory: 4k page, system-wide physical 32706M (14860M free)
TotalPageFile size 47042M (AvailPageFile size 16198M)
current process WorkingSet (physical memory assigned to process): 123M, peak: 133M
current process commit charge ("private bytes"): 755M, peak: 764M

vm_info: Java HotSpot(TM) 64-Bit Server VM (17.0.5+9-LTS-191) for windows-amd64 JRE (17.0.5+9-LTS-191), built on Sep 13 2022 17:31:43 by "mach5one" with MS VC++ 16.8 / 16.9 (VS2019)

END.
